04:59 ArifCutia : kire
05:07 .SatinTooth21715 placed suspicious WATER_BUCKET @ world: x-1004, z-1610
05:09 .SatinTooth21715 placed suspicious WATER_BUCKET @ world: x-1005, z-1611
07:37 gamingismam: ai beda stone farm banayte onk kisu lagbe
07:37 gamingismam: jinis kuje de tarpor tuder ke ow dibo use korte
07:37 .SatinTooth21715: to collect kor
07:37 gamingismam     : taile jha use no goribi
07:37 gamingismam     : ar farm
07:40 .SatinTooth21715: oda
07:40 .SatinTooth21715: ki ki lagibo hoo
07:40 gamingismam     : 518 ta glass
07:40 gamingismam     : 98 ta stone
07:41 gamingismam     : 84 ta chest
07:41 gamingismam     : 56 ta piston
07:41 .SatinTooth21715: ok ami ston mining kori
07:41 gamingismam     : 45 ta repeater
07:41 gamingismam     : ok kor ami sand diya glass banay
07:41 .SatinTooth21715: ar kisu??
07:42 gamingismam     : arho ashe onk kisu but aghe egolo jugar kor
07:42 gamingismam     : ghum jha tui din gor ami sand kujte jassi
07:44 gamingismam     : sakib ke ow dak
07:44 gamingismam     : help korte parbe
07:47 gamingismam     : stone de
07:47 .SatinTooth21715: koi??
07:48 gamingismam     : gorot
07:48 gamingismam     : coil ow an sathe
08:03 gamingismam     : dara ecta plugin remove korbo
08:03 gamingismam     : server off kore
08:37 gamingismam: ghum jha din kor
08:38 .SatinTooth21715 placed suspicious WATER_BUCKET @ world: x-980, z-1601
08:44 .SatinTooth21715: stone ne
08:44 gamingismam     : arhe ar lagbe na
08:44 gamingismam     : ami joma korce
08:44 gamingismam     : beda
09:56 ArifCutia       : chi ismam tmk arif mari dise
09:56 ArifCutia placed suspicious WATER_BUCKET @ world: x-975, z-1584
09:57 gamingismam     : pison tece marce ami kaj kortesilam
09:58 gamingismam     : done stone farm
10:03 ArifCutia       : ismam amk tp koro to aktu arif amk mari dise
10:04 ArifCutia       : ay vai tp koro
10:05 ArifCutia placed suspicious WATER_BUCKET @ world: x254, z-354
10:05 gamingismam     : acha
10:05 gamingismam     : arif ke direct ban kore disilam
10:05 ArifCutia placed suspicious WATER_BUCKET @ world: x-1034, z-1531
10:05 gamingismam     : asshe econ
10:05 ArifCutia       : deksi valo korso
10:05 ArifCutia       : abr kore dew
10:06 gamingismam     : ami kaj kortesi destrub kortese ami ecaner upore cilam fele dise amk more gasi
10:06 gamingismam     : matha gorom hoy gase tai
10:06 ArifCutia       : valo hoise
10:06 ArifCutia       : ore abr ban kore dew
10:07 gamingismam     : dibo destrub korle abr acha wait piston work kortese na server setting change korbo
10:12 ArifCutia placed suspicious WATER_BUCKET @ world: x-1053, z-1650
10:13 ArifCutia : oii ami mining a jacci
10:13 ArifCutia : kon cave a jabo
10:32 ArifCutia placed suspicious WATER_BUCKET @ world: x-918, z-1609
10:56 gamingismam: beda mojang a glitch ta fix kore dise jeta diya unlimited tnt korte partam
10:56 gamingismam: :{{
10:56 .SatinTooth21715: ekon ki korbi
10:56 gamingismam     : onno kisu try korte hobe tnt unlimited hosse e na tw kemne stone hobe
10:57 gamingismam     : deci onno kisu pai naki
10:59 gamingismam     : dhuru ala pora kosto jole gase
11:00 .SatinTooth21715: ekon ki korbi??
11:00 gamingismam     : nasbo
11:15 .SatinTooth21715 placed suspicious WATER_BUCKET @ world: x-944, z-1619
11:16 .SatinTooth21715: ay raid korabo
11:16 ArifCutia       : cude ture
11:17 gamingismam     : na raid korbo na
11:17 gamingismam     : tui kor ecla
11:18 gamingismam     : acha col kori raid
11:18 .SatinTooth21715: khana de
11:20 gamingismam     : armor por na
11:20 gamingismam     : alar powa
11:23 gamingismam     : diamond kuji ai
11:23 gamingismam     : arif
11:23 .SatinTooth21715: sakib er sate jaa
11:23 .SatinTooth21715: ami ghor banssi
11:23 gamingismam     : bana falto ghor
11:24 ArifCutia       : kire tmi koi thika asla?
11:24 gamingismam     : tp korce
11:25 gamingismam     : edike asho deci
11:25 gamingismam     : asar sathe sathe 4 ta diamond
11:25 gamingismam     : hehehe
11:25 ArifCutia       : kmne vai
11:26 gamingismam     : ami pai jai egolo easy peasy
11:26 ArifCutia       : ami adha ghonta dhore mining kortesi
11:26 gamingismam     : tourch dow 1 ta
11:27 gamingismam     : abr paisy
11:27 gamingismam     : aso edike
11:27 gamingismam     : 10 ta hoy gase
11:27 ArifCutia       : amr kase matro 1 ta
11:28 gamingismam     : ohh kujo pabhe
11:28 gamingismam     : ecane ashe pashe kujo
11:28 gamingismam     : abr paisy
11:28 gamingismam     : bruhh
11:29 gamingismam     : 17 ta hoy gase yo yo
11:29 ArifCutia       : ami paisi aro 8 ta
11:29 gamingismam     : he abr paisy ami
11:29 gamingismam     : edike asho deci
11:32 ArifCutia       : abr paisi
11:32 ArifCutia       : akhn 17 ta
11:32 gamingismam     : acha
11:33 .SatinTooth21715: tp kor amke
11:33 gamingismam     : ghor bana nijer
11:39 gamingismam     : kar koyta hoyse diamond
11:39 .SatinTooth21715: ekta o na
11:39 ArifCutia       : 17 ar hoi nai
11:39 ArifCutia       : tmr?
11:39 gamingismam     : kire manger nati arif tui eda kene assos de
11:40 gamingismam     : amr tece almost 1 stack hoy gase
11:40 gamingismam     : pura kadan kud diya sabne tw
11:42 gamingismam     : baire jabar rasta koy
11:43 gamingismam     : kire 1 jaigai gortesi bar bar
11:43 .SatinTooth21715: loop
11:43 .SatinTooth21715: kahatam nahi hoga\
11:43 gamingismam     : kene jaitam baddi
11:47 .SatinTooth21715: amke tp kor
11:47 gamingismam     : mar arhe
11:48 gamingismam     : baddi jaiom
11:48 ArifCutia       : oii tp koro
11:50 .SatinTooth21715 placed suspicious WATER_BUCKET @ world: x298, z-478
11:51 .SatinTooth21715: beda tp kor na
14:30 ArifCutia       : kew aso server a?
14:30 gamingismam     : he
14:30 gamingismam     : kno??
14:30 ArifCutia       : koi aso
14:30 ArifCutia       : amk tp koro
14:32 ArifCutia       : amk tp koro to
14:33 .SatinTooth21715: oda hode
14:33 gamingismam     : kn 1v1 korbi naki
14:34 .SatinTooth21715: sakib ar ami pvp korbo
14:34 gamingismam     : kor tw
14:40 gamingismam     : ami nethrite kujbo kalke
14:40 .SatinTooth21715: kalke
14:41 .SatinTooth21715: ami o jabo
14:41 gamingismam     : jais moriber lai
14:41 gamingismam     : but sob kisu raki jais bcz nether a morle sob jabe ga
14:41 .SatinTooth21715: na jai na
14:41 .SatinTooth21715: ami morsi ekbar
14:42 gamingismam     : jai ga acon beshi easy kore disi tai keo bhoy e pai na and moja laghe na
14:43 .SatinTooth21715: ping high
14:43 gamingismam     : amr thik ashe tuder high kn idk
14:44 gamingismam     : ram kinle thik hoy jabe aste aste
14:44 gamingismam     : 3gb ram tw tai hoyto ping beshi lagtese
14:46 gamingismam     : trust de amk arif
14:46 .SatinTooth21715: beda tui amr jinis dektesos kno
14:46 gamingismam     : koy dectesi trust de decbo
14:46 gamingismam     : ki ashe
14:46 gamingismam     : trust de na
14:46 .SatinTooth21715: wait
14:46 gamingismam     : ki ashe dectam sodo
14:47 .SatinTooth21715: trust gaming ismam
14:47 gamingismam     : :}
14:47 gamingismam     : baler trust disos
14:47 .SatinTooth21715: kemne dei
14:47 gamingismam     : dhuru bad de
14:48 gamingismam     : ami jolay dibo flint and stell diya
14:48 gamingismam     : dec
14:49 gamingismam     : :))
14:49 .SatinTooth21715: sala chor tui
14:49 gamingismam     : jha jha noobra
14:50 gamingismam     : amne ow acane system ashe keo jodi karo land a bondi kore de taile command ashe oytar maddome bair hoy jaite parhe
14:50 gamingismam     : tp hoy jai
14:51 .SatinTooth21715: trust kemen dei bol
14:51 gamingismam     : tui janos na tai amk noobrar modo bandi assos de tur ghore
14:51 gamingismam     : ./trust gamingismam
14:54 gamingismam     : ./trapped
14:55 gamingismam     : type korle tur land tece bair kore dibe
14:55 gamingismam     : amk
14:55 .SatinTooth21715: kemne
14:55 gamingismam     : plugin etar sobidda arki jeno kowke trap korte na parhe tui try kore dec
14:55 gamingismam     : ai edike
14:56 gamingismam     : ai pishe pishe
