11:16 gamingismam: hello
11:17 gamingismam: chat korte partosos sobay??
11:18 ArifCutia  : dekhi
11:18 .SatinTooth21715: haaa
11:18 gamingismam     : okh tp plugin ow add korbo tarpor tece /tpa kore jar kashe iccha parbi jaite
11:18 gamingismam     : jodi se accept kore
11:19 ArifCutia       : oky
11:21 ArifCutia       : aita ki korla?
11:22 ArifCutia       :  placed a sign @ world: x-989, z-1531
  c
11:22 ArifCutia       :  placed a sign @ world: x-990, z-1531
  c
11:24 gamingismam     : ki hoyse
11:25 ArifCutia       :  placed a sign @ world: x-990, z-1531
  ccccc
11:25 ArifCutia       :  placed a sign @ world: x-989, z-1531
  cccc
11:28 ArifCutia       : bair how
11:29 gamingismam     : villager arhekta koy
11:29 gamingismam     : kire koy
11:30 ArifCutia       : villeger r akta lagbe
11:30 ArifCutia placed suspicious LAVA_BUCKET @ world: x-990, z-1532
11:31 gamingismam     : summon kori ??
11:32 gamingismam     : villager
11:32 ArifCutia       : koro
11:33 ArifCutia placed suspicious WATER_BUCKET @ world: x-992, z-1526
11:35 gamingismam     : cleam kore felce ey land ta he
11:37 ArifCutia       : ki korso?
11:37 gamingismam     : :)))
11:37 ArifCutia       : thik koro
11:37 gamingismam     : my land econ tece
11:37 gamingismam     : ami cleam korce land ta
11:38 ArifCutia       : are vai thik koro
11:38 gamingismam     : tomra ow parbe jekono land cleam korte
11:38 gamingismam     : golden suvle diya
11:38 .SatinTooth21715: punda pundi bondo gor
11:38 ArifCutia       : shovel dew
11:38 gamingismam     : punda pundi ki ashe land cleam system dibo bolcilam na
11:39 gamingismam     : ami land cleam kore felce econ jomi ta amr
11:39 ArifCutia       : naile tmi clean koro
11:40 .SatinTooth21715: beda tik kor
11:40 gamingismam     : land delete kore disi econ je cleam korte paro koro
11:40 gamingismam     : golden shuvle lo cleam kor
11:40 gamingismam     : ke korbi
11:42 ArifCutia       : hoise akhn sudu zomibe algb
11:43 gamingismam     : dhure jow
11:43 gamingismam     : sobay
11:44 ArifCutia placed suspicious WATER_BUCKET @ world: x-999, z-1514
11:45 gamingismam     : so jha
11:46 ArifCutia       : dekso kmn hoise?
11:46 ArifCutia       : tp koro
11:46 ArifCutia       : amk
11:47 .SatinTooth21715: tp kor beda 
11:47 .SatinTooth21715: amke
11:49 ArifCutia placed suspicious WATER_BUCKET @ world: x-993, z-1526
11:50 ArifCutia placed suspicious WATER_BUCKET @ world: x-992, z-1525
11:51 gamingismam     : lol
11:51 .SatinTooth21715 placed suspicious WATER_BUCKET @ world: x-993, z-1526
11:51 ArifCutia placed suspicious WATER_BUCKET @ world: x-982, z-1533
11:51 ArifCutia placed suspicious WATER_BUCKET @ world: x-986, z-1532
11:52 ArifCutia placed suspicious WATER_BUCKET @ world: x-986, z-1525
11:52 gamingismam     : amk sign board de arho etha boro korte hobe
11:52 gamingismam     : hopper ow de 4 ta
11:53 gamingismam     :  placed a sign @ world: x-990, z-1532
  3
11:53 ArifCutia placed suspicious WATER_BUCKET @ world: x-986, z-1527
11:53 gamingismam     :  placed a sign @ world: x-990, z-1531
               s
11:54 gamingismam     : arho de
11:55 gamingismam     : hopper de so na
11:55 gamingismam     : wood nai chast bananor jonno
11:56 gamingismam     : wood dow arho
11:56 gamingismam     :  placed a sign @ world: x-990, z-1531
  wd
11:58 ArifCutia       : tp koro
12:00 ArifCutia placed suspicious LAVA_BUCKET @ world: x-982, z-1582
12:00 ArifCutia placed suspicious WATER_BUCKET @ world: x-968, z-1589
12:01 ArifCutia placed suspicious WATER_BUCKET @ world: x-982, z-1571
12:02 .SatinTooth21715: ismam koi tui?
12:02 gamingismam     : lava nite gasilam
12:04 ArifCutia placed suspicious WATER_BUCKET @ world: x-986, z-1530
12:04 gamingismam     : thik ashe econ
12:05 gamingismam     : work kortese
12:05 .SatinTooth21715: sala ami dorte o partesi na 
12:05 .SatinTooth21715: off kor eigula
12:05 ArifCutia       : tui bal falfa
12:05 gamingismam     : ki dorte partosos na de
12:05 .SatinTooth21715: ekaner kisui
12:06 gamingismam     : sakib land cleam kore felce amr ki dush tw
12:06 gamingismam     : stick diya dec ke owner
12:06 gamingismam     : ey jomir
12:06 gamingismam     : ne
12:06 ArifCutia placed suspicious WATER_BUCKET @ world: x-986, z-1528
12:06 gamingismam     : stick ecane click kor
12:06 ArifCutia placed suspicious WATER_BUCKET @ world: x-986, z-1529
12:06 gamingismam     : dectosos owner ke
12:06 gamingismam     : amr naam bolos
12:06 gamingismam     : sobsomoy
12:06 gamingismam     : maghi
12:07 ArifCutia placed suspicious WATER_BUCKET @ world: x-993, z-1529
12:07 ArifCutia placed suspicious WATER_BUCKET @ world: x-993, z-1530
12:07 gamingismam     : lol
12:07 gamingismam     : econ dec parbi arif
12:11 gamingismam     : ghum jha
12:11 gamingismam     : sobay ghum jow
12:13 gamingismam     : lol
12:13 ArifCutia       : nubra back dise
12:14 gamingismam     : he setay
12:14 gamingismam     : hahahha
12:17 gamingismam     : noobra ite koy
12:17 ArifCutia       : Or world a cole gese
12:17 ArifCutia       : ar asbe na bole
12:17 gamingismam     : ohh hehehhehehehhe
12:20 ArifCutia       : PILLEGER ASCE
12:21 gamingismam     : oi tui kake marco??
12:22 ArifCutia       : pilleger k
12:22 gamingismam     : arhe village a jaiow na
12:22 gamingismam     : raid hoy jabe
12:22 gamingismam     : koray diso
12:22 gamingismam     : raid
12:23 gamingismam     : mar beegonre
12:24 gamingismam     : arhe bhai kemne martese
12:27 ArifCutia placed suspicious WATER_BUCKET @ world: x-965, z-1531
