05:41 .SatinTooth21715 placed suspicious WATER_BUCKET @ world: x-986, z-1530
05:56 .SatinTooth21715 placed suspicious WATER_BUCKET @ world: x-1080, z-1575
06:59 ArifCutia : kew aso?
06:59 gamingismam: he
07:00 ArifCutia  : vai ami mining a asi 1 ta dimond o painai akhn ki kortm
07:00 gamingismam: lol kujo pai jabe
07:00 ArifCutia  : kmn?
07:01 gamingismam: deco mine kore ami tw stone farm banacci
07:01 gamingismam: tai
07:01 ArifCutia  : accah
07:05 gamingismam: 18 ta lava bucket lagbe keo dite parbe??
07:05 ArifCutia  : w8 ami parbo
07:05 gamingismam: okh
07:05 ArifCutia  : ami bolle tp koiro
07:05 gamingismam: ok
07:08 ArifCutia  : tp koro
07:09 ArifCutia  : hoise?
07:09 gamingismam: okh thank you
07:10 ArifCutia  : Welcome
07:10 ArifCutia  : r kiso lagbe?
07:10 gamingismam: na ar golo agher stone farm bangi pai gasi
07:10 gamingismam: mane destroy kore
07:10 ArifCutia  : ooh
11:04 .SatinTooth21715: diamond khuje de
11:05 gamingismam     : dara
11:07 gamingismam     : no
11:07 gamingismam     : goris
11:07 gamingismam     : maghu
11:07 gamingismam     : maghi
11:07 gamingismam     : jar go
11:07 .SatinTooth21715: are beda
11:07 .SatinTooth21715: hotokkon dori khujir
11:08 gamingismam     : en ka goror
11:09 gamingismam     : distrub ka goror
11:09 gamingismam     : maghi
11:11 gamingismam     : dara ami ghor tece astesi mari de amk
11:11 gamingismam     : marso na
11:11 gamingismam     : joldi
12:15 gamingismam: oi edike ai arif
12:15 gamingismam: ecta jinis decay
12:15 gamingismam: hehehehhe
12:16 .SatinTooth21715: but lab nai
12:16 gamingismam     : kn
12:23 ArifCutia placed suspicious WATER_BUCKET @ world: x-1050, z-1582
12:24 ArifCutia placed suspicious WATER_BUCKET @ world: x-1050, z-1584
12:24 ArifCutia placed suspicious WATER_BUCKET @ world: x-1050, z-1584
12:24 .SatinTooth21715 placed suspicious WATER_BUCKET @ world: x-1004, z-1600
12:24 ArifCutia placed suspicious WATER_BUCKET @ world: x-1050, z-1582
12:24 ArifCutia placed suspicious WATER_BUCKET @ world: x-1051, z-1583
12:24 .SatinTooth21715:  placed a sign @ world: x-1002, z-1604
  e
12:26 .SatinTooth21715 placed suspicious WATER_BUCKET @ world: x-1004, z-1602
12:26 .SatinTooth21715 placed suspicious WATER_BUCKET @ world: x-1001, z-1602
12:26 .SatinTooth21715 placed suspicious WATER_BUCKET @ world: x-1003, z-1602
12:27 gamingismam     : vps kine felbo babtisi ecabare
12:27 .SatinTooth21715: koto??
12:28 gamingismam     : 1200 taka 64 gb ram er
12:29 ArifCutia       : permanent nki monthly?
12:29 gamingismam     : monthly
12:29 ArifCutia       : vai ato tk k dibe?
12:29 gamingismam     : bhoot
12:29 gamingismam     : :))
12:32 ArifCutia       : ho tmi dio
12:32 ArifCutia       : amra kelbone
12:33 gamingismam     : ecane aso ecto ArifCutia
12:33 gamingismam     : ite nishe
12:33 .SatinTooth21715 placed suspicious WATER_BUCKET @ world: x-974, z-1585
12:34 .SatinTooth21715 placed suspicious WATER_BUCKET @ world: x-982, z-1575
12:34 .SatinTooth21715 placed suspicious WATER_BUCKET @ world: x-997, z-1545
12:36 gamingismam     : ArifCutia pvp korbe??
12:36 ArifCutia       : na parmu na
12:37 gamingismam     : okh
12:37 gamingismam     : je jake marte parhe maro
12:37 .SatinTooth21715: bondo korbi
12:37 ArifCutia       : oke r mario na
12:37 gamingismam     : okh
12:37 ArifCutia       : ok asho tmi r ami pvp
12:37 gamingismam     : ok
12:38 ArifCutia placed suspicious WATER_BUCKET @ world: x-947, z-1670
12:38 ArifCutia placed suspicious WATER_BUCKET @ world: x-944, z-1677
12:38 ArifCutia placed suspicious WATER_BUCKET @ world: x-945, z-1680
12:38 ArifCutia placed suspicious WATER_BUCKET @ world: x-945, z-1681
12:38 ArifCutia placed suspicious WATER_BUCKET @ world: x-950, z-1686
12:38 ArifCutia placed suspicious WATER_BUCKET @ world: x-961, z-1680
12:38 ArifCutia placed suspicious WATER_BUCKET @ world: x-963, z-1680
12:38 ArifCutia placed suspicious WATER_BUCKET @ world: x-958, z-1671
12:38 ArifCutia placed suspicious WATER_BUCKET @ world: x-957, z-1673
12:38 ArifCutia placed suspicious WATER_BUCKET @ world: x-955, z-1664
12:38 ArifCutia placed suspicious WATER_BUCKET @ world: x-955, z-1666
12:38 gamingismam     : 3
12:38 gamingismam     : 2
12:39 gamingismam     : 1
12:39 gamingismam     : readys
12:39 ArifCutia       : ping hich
12:39 ArifCutia       : aso
12:39 gamingismam     : ok
12:39 ArifCutia       : tmi iron er armor poro
